
=== 本要約チャンネル (ID: UCEixleMT76xDzoiEb9ZA7XA) ===
  動画ID取得: 1943件
  動画詳細取得: 1943件

=== サラタメさん (ID: UCaG7jufgiw4p5mphPPVbqhw) ===
  動画ID取得: 194件
  動画詳細取得: 194件

=== フェルミ漫画大学 (ID: UC9V4eJBNx_hOieGG51NZ6nA) ===
  動画ID取得: 754件
  動画詳細取得: 754件

=== 学識サロン (ID: UCC4NkFV-L-vVYD5z_Ei5dUA) ===
  動画ID取得: 718件
  動画詳細取得: 718件

=== アバタロー (ID: UCduDJ6s3mMchYMy2HvqalxQ) ===
  動画ID取得: 101件
  動画詳細取得: 101件

=== 抽出結果 ===
書籍数: 1972

--- TOP20（紹介回数順）---
  1. 『自己肯定感を上げる OUTPUT読書術』 (紹介7回 / 再生2,589,030 / いいね55,731)
  2. 『DIE WITH ZERO 人生が豊かになりすぎる究極のルール』 (紹介4回 / 再生1,668,511 / いいね28,243)
  3. 『我慢して生きるほど人生は長くない』 (紹介4回 / 再生1,646,548 / いいね25,360)
  4. 『学びを結果に変えるアウトプット大全』 (紹介4回 / 再生853,597 / いいね17,623)
  5. 『もっと言ってはいけない』 (紹介4回 / 再生1,592,489 / いいね31,879)
  6. 『嫌われる勇気』 (紹介4回 / 再生1,622,825 / いいね26,223)
  7. 『夢をかなえるゾウ』 (紹介4回 / 再生1,996,429 / いいね26,806)
  8. 『運の方程式　チャンスを引き寄せ結果に結びつける科学的な方法』 (紹介3回 / 再生843,276 / いいね12,876)
  9. 『やりたいことは全部やりなさい 最後に後悔しない25のヒント』 (紹介3回 / 再生452,179 / いいね8,118)
  10. 『GRATITUDE (グラティチュード) 毎日を好転させる感謝の習慣』 (紹介3回 / 再生833,720 / いいね14,296)
  11. 『こうやって頭のなかを言語化する。』 (紹介3回 / 再生1,107,116 / いいね19,882)
  12. 『自分の変え方　認知科学コーチングで新しい自分に会いに行く』 (紹介3回 / 再生509,024 / いいね7,280)
  13. 『人生をガラリと変える「帰宅後ルーティン」』 (紹介3回 / 再生1,435,875 / いいね16,803)
  14. 『覚悟の磨き方 超訳 吉田松陰』 (紹介3回 / 再生319,143 / いいね6,265)
  15. 『自分とか、ないから。教養としての東洋哲学』 (紹介3回 / 再生486,745 / いいね7,226)
  16. 『瞬時に「言語化できる人」が、うまくいく。』 (紹介3回 / 再生931,721 / いいね19,582)
  17. 『貯金はこれでつくれます 本当にお金が増える46のコツ』 (紹介3回 / 再生441,697 / いいね5,107)
  18. 『1日5分で、お金持ち―誰でもできる、お金の超基本大全』 (紹介3回 / 再生709,105 / いいね11,349)
  19. 『誰でもできるのに9割の人が気づいていない、お金の生み出し方』 (紹介3回 / 再生656,073 / いいね12,025)
  20. 『限りある時間の使い方』 (紹介3回 / 再生925,952 / いいね16,213)

--- TOP10（再生回数順）---
  1. 『新型コロナとワクチン 知らないと不都合な真実』 (再生4,640,612 / 紹介1回)
  2. 『なぜか人生がうまくいく「明るい人」の科学』 (再生4,318,809 / 紹介2回)
  3. 『80歳でも脳が老化しない人がやっていること』 (再生3,807,436 / 紹介2回)
  4. 『嫌われる勇気―――自己啓発の源流「アドラー」の教え』 (再生3,126,016 / 紹介2回)
  5. 『2025年日本経済再生戦略』 (再生2,910,083 / 紹介3回)
  6. 『「80歳の壁」を超える食事術』 (再生2,899,774 / 紹介2回)
  7. 『１週間で勝手に痩せていく体になるすごい方法』 (再生2,750,210 / 紹介1回)
  8. 『自己肯定感を上げる OUTPUT読書術』 (再生2,589,030 / 紹介7回)
  9. 『自律神経を整えたいなら上咽頭を鍛えなさい 脳の不調は鼻奥から治せ』 (再生2,517,340 / 紹介1回)
  10. 『結局、自律神経がすべて解決してくれる』 (再生2,492,102 / 紹介2回)

--- TOP10（いいね順）---
  1. 『新型コロナとワクチン 知らないと不都合な真実』 (いいね69,674 / 紹介1回)
  2. 『嫌われる勇気―――自己啓発の源流「アドラー」の教え』 (いいね67,265 / 紹介2回)
  3. 『愛するということ』 (いいね56,311 / 紹介2回)
  4. 『自己肯定感を上げる OUTPUT読書術』 (いいね55,731 / 紹介7回)
  5. 『なぜか人生がうまくいく「明るい人」の科学』 (いいね51,153 / 紹介2回)
  6. 『自律神経を整えたいなら上咽頭を鍛えなさい 脳の不調は鼻奥から治せ』 (いいね42,483 / 紹介1回)
  7. 『完訳 7つの習慣 人格主義の回復』 (いいね42,193 / 紹介1回)
  8. 『「空腹」こそ最強のクスリ』 (いいね42,149 / 紹介3回)
  9. 『自律神経の名医が教えるココロとカラダの疲れとり大全』 (いいね41,816 / 紹介2回)
  10. 『死ぬまで元気でいたければとにかく内臓を温めなさい』 (いいね41,018 / 紹介1回)

データを /Users/miton/workspace/bisiness-book-ranking/scripts/../data に保存しました。
